{"numFailedTestSuites":4,"numFailedTests":0,"numPassedTestSuites":0,"numPassedTests":0,"numPendingTestSuites":0,"numPendingTests":0,"numRuntimeErrorTestSuites":4,"numTodoTests":0,"numTotalTestSuites":4,"numTotalTests":0,"openHandles":[],"snapshot":{"added":0,"didUpdate":false,"failure":false,"filesAdded":0,"filesRemoved":0,"filesRemovedList":[],"filesUnmatched":0,"filesUpdated":0,"matched":0,"total":0,"unchecked":0,"uncheckedKeysByFile":[],"unmatched":0,"updated":0},"startTime":1766743367295,"success":false,"testResults":[{"assertionResults":[],"coverage":{},"endTime":1766743369188,"message":"  \u001b[1m● \u001b[22mTest suite failed to run\n\n    Cannot find module 'mongodb-memory-server' from 'src/tests/user.integration.test.js'\n\n    \u001b[0m \u001b[90m 1 |\u001b[39m \u001b[36mconst\u001b[39m request \u001b[33m=\u001b[39m require(\u001b[32m\"supertest\"\u001b[39m)\u001b[33m;\u001b[39m\n     \u001b[90m 2 |\u001b[39m \u001b[36mconst\u001b[39m mongoose \u001b[33m=\u001b[39m require(\u001b[32m\"mongoose\"\u001b[39m)\u001b[33m;\u001b[39m\n    \u001b[31m\u001b[1m>\u001b[22m\u001b[39m\u001b[90m 3 |\u001b[39m \u001b[36mconst\u001b[39m { \u001b[33mMongoMemoryServer\u001b[39m } \u001b[33m=\u001b[39m require(\u001b[32m\"mongodb-memory-server\"\u001b[39m)\u001b[33m;\u001b[39m\n     \u001b[90m   |\u001b[39m                               \u001b[31m\u001b[1m^\u001b[22m\u001b[39m\n     \u001b[90m 4 |\u001b[39m \u001b[36mconst\u001b[39m app \u001b[33m=\u001b[39m require(\u001b[32m\"../src/app\"\u001b[39m)\u001b[33m;\u001b[39m \u001b[90m// your express app\u001b[39m\n     \u001b[90m 5 |\u001b[39m \u001b[36mconst\u001b[39m \u001b[33mUser\u001b[39m \u001b[33m=\u001b[39m require(\u001b[32m\"../src/modules/user/user.model\"\u001b[39m)\u001b[33m;\u001b[39m \u001b[90m// mongoose model\u001b[39m\n     \u001b[90m 6 |\u001b[39m\u001b[0m\n\n      \u001b[2mat Resolver._throwModNotFoundError (\u001b[22mnode_modules/jest-resolve/build/index.js\u001b[2m:863:11)\u001b[22m\n      \u001b[2mat Object.require (\u001b[22m\u001b[0m\u001b[36msrc/tests/user.integration.test.js\u001b[39m\u001b[0m\u001b[2m:3:31)\u001b[22m\n","name":"C:\\Users\\91626\\Desktop\\Microservice Ecommerce\\backend\\src\\tests\\user.integration.test.js","startTime":1766743369188,"status":"failed","summary":""},{"assertionResults":[],"coverage":{},"endTime":1766743369188,"message":"  \u001b[1m● \u001b[22mTest suite failed to run\n\n    Your test suite must contain at least one test.\n\n      \u001b[2mat onResult (\u001b[22mnode_modules/@jest/core/build/index.js\u001b[2m:1057:18)\u001b[22m\n      \u001b[2mat \u001b[22mnode_modules/@jest/core/build/index.js\u001b[2m:1127:165\u001b[22m\n      \u001b[2mat \u001b[22mnode_modules/emittery/index.js\u001b[2m:363:13\u001b[22m\n          at Array.map (<anonymous>)\n      \u001b[2mat Emittery.emit (\u001b[22mnode_modules/emittery/index.js\u001b[2m:361:23)\u001b[22m\n","name":"C:\\Users\\91626\\Desktop\\Microservice Ecommerce\\backend\\src\\tests\\product.test.js","startTime":1766743369188,"status":"failed","summary":""},{"assertionResults":[],"coverage":{},"endTime":1766743369188,"message":"  \u001b[1m● \u001b[22mTest suite failed to run\n\n    Your test suite must contain at least one test.\n\n      \u001b[2mat onResult (\u001b[22mnode_modules/@jest/core/build/index.js\u001b[2m:1057:18)\u001b[22m\n      \u001b[2mat \u001b[22mnode_modules/@jest/core/build/index.js\u001b[2m:1127:165\u001b[22m\n      \u001b[2mat \u001b[22mnode_modules/emittery/index.js\u001b[2m:363:13\u001b[22m\n          at Array.map (<anonymous>)\n      \u001b[2mat Emittery.emit (\u001b[22mnode_modules/emittery/index.js\u001b[2m:361:23)\u001b[22m\n","name":"C:\\Users\\91626\\Desktop\\Microservice Ecommerce\\backend\\src\\tests\\order.test.js","startTime":1766743369188,"status":"failed","summary":""},{"assertionResults":[],"coverage":{},"endTime":1766743369188,"message":"  \u001b[1m● \u001b[22mTest suite failed to run\n\n    Cannot find module 'express-mongo-sanitize' from 'src/common middlewares/security.js'\n\n    Require stack:\n      src/common middlewares/security.js\n      src/app.js\n      src/tests/analytics.test.js\n\n    \u001b[0m \u001b[90m 1 |\u001b[39m \u001b[90m// src/middlewares/security.js\u001b[39m\n    \u001b[31m\u001b[1m>\u001b[22m\u001b[39m\u001b[90m 2 |\u001b[39m \u001b[36mconst\u001b[39m mongoSanitize \u001b[33m=\u001b[39m require(\u001b[32m'express-mongo-sanitize'\u001b[39m)\u001b[33m;\u001b[39m\n     \u001b[90m   |\u001b[39m                       \u001b[31m\u001b[1m^\u001b[22m\u001b[39m\n     \u001b[90m 3 |\u001b[39m \u001b[36mconst\u001b[39m xss \u001b[33m=\u001b[39m require(\u001b[32m'xss-clean'\u001b[39m)\u001b[33m;\u001b[39m\n     \u001b[90m 4 |\u001b[39m \u001b[36mconst\u001b[39m hpp \u001b[33m=\u001b[39m require(\u001b[32m'hpp'\u001b[39m)\u001b[33m;\u001b[39m\n     \u001b[90m 5 |\u001b[39m\u001b[0m\n\n      \u001b[2mat Resolver._throwModNotFoundError (\u001b[22mnode_modules/jest-resolve/build/index.js\u001b[2m:863:11)\u001b[22m\n      \u001b[2mat Object.require (\u001b[22msrc/common middlewares/security.js\u001b[2m:2:23)\u001b[22m\n      \u001b[2mat Object.require (\u001b[22msrc/app.js\u001b[2m:9:28)\u001b[22m\n      \u001b[2mat Object.require (\u001b[22m\u001b[0m\u001b[36msrc/tests/analytics.test.js\u001b[39m\u001b[0m\u001b[2m:2:13)\u001b[22m\n","name":"C:\\Users\\91626\\Desktop\\Microservice Ecommerce\\backend\\src\\tests\\analytics.test.js","startTime":1766743369188,"status":"failed","summary":""}],"wasInterrupted":false}
